<?xml version="1.0" encoding="UTF-8"?>
<!-- Generated by org.testng.reporters.JUnitReportReporter -->
<testsuite hostname="SAGAR-PC" failures="0" tests="3" name="TestNG.TestClass" time="19.676" errors="0" timestamp="2021-10-13T21:12:46 IST" skipped="0">
  <testcase classname="TestNG.TestClass" name="testB" time="3.112"/>
  <system-out/>
  <testcase classname="TestNG.TestClass" name="testA" time="13.539"/>
  <system-out/>
  <testcase classname="TestNG.TestClass" name="testC" time="3.025"/>
  <system-out/>
</testsuite> <!-- TestNG.TestClass -->
